[ 2018-07-12T17:35:07+08:00 ] 127.0.0.1 127.0.0.1 GET /systemmanage/migrate/index
[ log ] 127.0.0.1/systemmanage/migrate/index [运行时间：0.093600s][吞吐率：10.68req/s] [内存消耗：2,511.12kb] [文件加载：70]
[ info ] [ ROUTE ] array (
  'type' => 'module',
  'module' => 
  array (
    0 => 'systemmanage',
    1 => 'migrate',
    2 => 'index',
  ),
)
[ info ] [ RUN ] Method [ <user> public method index ] {
  @@ D:\workspace_utf8\guai2\application\systemmanage\controller\Migrate.php 54 - 106
}

[ info ] [ LOG ] INIT File: array (
  'path' => 'D:\\workspace_utf8\\guai2\\public/..\\runtime\\log\\',
  'apart_level' => 
  array (
    0 => 'info',
    1 => 'debug',
  ),
)

[ 2018-07-12T17:35:18+08:00 ] 127.0.0.1 127.0.0.1 GET /systemmanage/migrate/index
[ log ] 127.0.0.1/systemmanage/migrate/index [运行时间：0.078000s][吞吐率：12.82req/s] [内存消耗：3,075.35kb] [文件加载：76]
[ info ] [ ROUTE ] array (
  'type' => 'module',
  'module' => 
  array (
    0 => 'systemmanage',
    1 => 'migrate',
    2 => 'index',
  ),
)
[ info ] [ RUN ] Method [ <user> public method index ] {
  @@ D:\workspace_utf8\guai2\application\systemmanage\controller\Migrate.php 54 - 106
}

[ info ] [ DB ] INIT mysql:array (
  'type' => 'mysql',
  'dsn' => '',
  'hostname' => '127.0.0.1',
  'database' => 'bobo',
  'username' => 'root',
  'password' => '',
  'hostport' => '3306',
  'params' => 
  array (
  ),
  'charset' => 'utf8',
  'prefix' => '',
  'debug' => true,
  'deploy' => 0,
  'rw_separate' => false,
  'master_num' => 1,
  'slave_no' => '',
  'fields_strict' => true,
  'auto_timestamp' => false,
  'resultset_type' => 'array',
  'sql_explain' => false,
)
[ info ] [ DB ] CONNECT: mysql:dbname=bobo;host=127.0.0.1;port=3306;charset=utf8
[ info ] [ LOG ] INIT File: array (
  'path' => 'D:\\workspace_utf8\\guai2\\public/..\\runtime\\log\\',
  'apart_level' => 
  array (
    0 => 'info',
    1 => 'debug',
  ),
)
[ sql ] [ SQL ] show tables [ RunTime:0.015600s ]
[ sql ] [ SQL ] SELECT `version` FROM `database_version` LIMIT 1   [ RunTime:0.015600s ]

[ 2018-07-12T17:35:28+08:00 ] 127.0.0.1 127.0.0.1 GET /systemmanage/migrate/index
[ log ] 127.0.0.1/systemmanage/migrate/index [运行时间：0.124800s][吞吐率：8.01req/s] [内存消耗：3,085.63kb] [文件加载：79]
[ info ] [ ROUTE ] array (
  'type' => 'module',
  'module' => 
  array (
    0 => 'systemmanage',
    1 => 'migrate',
    2 => 'index',
  ),
)
[ info ] [ RUN ] Method [ <user> public method index ] {
  @@ D:\workspace_utf8\guai2\application\systemmanage\controller\Migrate.php 54 - 102
}

[ info ] [ DB ] INIT mysql:array (
  'type' => 'mysql',
  'dsn' => '',
  'hostname' => '127.0.0.1',
  'database' => 'bobo',
  'username' => 'root',
  'password' => '',
  'hostport' => '3306',
  'params' => 
  array (
  ),
  'charset' => 'utf8',
  'prefix' => '',
  'debug' => true,
  'deploy' => 0,
  'rw_separate' => false,
  'master_num' => 1,
  'slave_no' => '',
  'fields_strict' => true,
  'auto_timestamp' => false,
  'resultset_type' => 'array',
  'sql_explain' => false,
)
[ info ] [ DB ] CONNECT: mysql:dbname=bobo;host=127.0.0.1;port=3306;charset=utf8
[ info ] [ BEHAVIOR ] Run app\systemmanage\controller\Hookappend @app_end [ RunTime:0.000000s ]
[ info ] [ LOG ] INIT File: array (
  'path' => 'D:\\workspace_utf8\\guai2\\public/..\\runtime\\log\\',
  'apart_level' => 
  array (
    0 => 'info',
    1 => 'debug',
  ),
)
[ sql ] [ SQL ] show tables [ RunTime:0.015600s ]
[ sql ] [ SQL ] SELECT `version` FROM `database_version` LIMIT 1   [ RunTime:0.000000s ]
[ sql ] [ SQL ] alter table bb_advise
add pic2 varchar(255) not null default '' comment '封面图，小一些，竖着放。'
 [ RunTime:0.046800s ]
[ sql ] [ SQL ] update database_version set version = 496 [ RunTime:0.000000s ]

[ 2018-07-12T17:38:03+08:00 ] 0.0.0.0 0.0.0.0 CLI 
[ log ] cmd:d:/workspace_utf8/guai2/public/index.php /command/migrate [运行时间：2.199600s][吞吐率：0.45req/s] [内存消耗：2,568.14kb] [文件加载：72]
[ info ] [ ROUTE ] array (
  'type' => 'module',
  'module' => 
  array (
    0 => 'command',
    1 => 'migrate',
    2 => NULL,
  ),
)
[ info ] [ RUN ] Method [ <user> public method index ] {
  @@ D:\workspace_utf8\guai2\application\command\controller\Migrate.php 23 - 64
}

[ info ] [ BEHAVIOR ] Run app\systemmanage\controller\Hookappend @app_end [ RunTime:0.000000s ]
[ info ] [ LOG ] INIT File: array (
  'path' => 'D:\\workspace_utf8\\guai2\\public/..\\runtime\\log\\',
  'apart_level' => 
  array (
    0 => 'info',
    1 => 'debug',
  ),
)

